Arguments: 
  C:\Program Files (x86)\nodejs\node.exe C:\Users\sesa260501\AppData\Roaming\npm\node_modules\yarn\bin\yarn.js install

PATH: 
  C:\ProgramData\Oracle\Java\javapath;C:\Program Files (x86)\iis express\PHP\v5.4;C:\Program Files (x86)\NVIDIA Corporation\PhysX\Common;C:\Program Files (x86)\Intel\iCLS Client\;C:\Program Files\Intel\iCLS Client\;C:\Windows\system32;C:\Windows;C:\Windows\System32\Wbem;C:\Windows\System32\WindowsPowerShell\v1.0\;C:\Program Files\Intel\Intel(R) Management Engine Components\DAL;C:\Program Files (x86)\Intel\Intel(R) Management Engine Components\DAL;C:\Program Files\Intel\Intel(R) Management Engine Components\IPT;C:\Program Files (x86)\Intel\Intel(R) Management Engine Components\IPT;C:\Program Files\Microsoft SQL Server\110\Tools\Binn\;C:\Program Files (x86)\Microsoft SQL Server\110\Tools\Binn\ManagementStudio\;C:\Program Files (x86)\Microsoft SQL Server\110\Tools\Binn\;C:\Program Files (x86)\Microsoft SQL Server\110\DTS\Binn\;C:\Windows\idmu\common;C:\Users\sesa260501\.dnx\bin;C:\Program Files\Microsoft DNX\Dnvm\;C;C:\Program Files\MySQL\MySQL Server 5.1\bin;C:\Program Files\CloudFoundry;C:\Program Files\IBM\Bluemix\bin;C:\Program Files\Git\cmd;C:\Program Files (x86)\Microsoft SDKs\TypeScript\1.0\;C:\Program Files\Microsoft SQL Server\120\Tools\Binn\;C:\Program Files\Microsoft SQL Server\130\Tools\Binn\;C:\Program Files\dotnet\;C:\Program Files (x86)\GtkSharp\2.12\bin;C:\Program Files\1E\NomadBranch\;C:\Program Files (x86)\nodejs\;C:\Program Files (x86)\Microsoft VS Code\bin;C:\Users\sesa260501\AppData\Roaming\npm;C:\Users\sesa260501\AppData\Local\Box\Box Edit\;C:\Users\sesa260501\AppData\Local\Programs\Fiddler

Yarn version: 
  0.17.10

Node version: 
  6.11.4

Platform: 
  win32 x64

npm manifest: 
  {
    "name": "ng-timeline",
    "version": "0.0.0",
    "license": "MIT",
    "angular-cli": {},
    "scripts": {
      "ng": "ng",
      "start": "ng serve",
      "lint": "tslint \"src/**/*.ts\"",
      "test": "ng test",
      "pree2e": "webdriver-manager update --standalone false --gecko false",
      "e2e": "protractor"
    },
    "private": true,
    "dependencies": {
      "@angular/common": "2.4.0",
      "@angular/compiler": "2.4.0",
      "@angular/core": "2.4.0",
      "@angular/forms": "2.4.0",
      "@angular/http": "2.4.0",
      "@angular/material": "2.0.0-beta.1",
      "@angular/platform-browser": "2.4.0",
      "@angular/platform-browser-dynamic": "2.4.0",
      "@angular/router": "3.2.3",
      "core-js": "2.4.1",
      "ng2-bootstrap": "^1.1.8",
      "ng2-google-charts": "^3.3.0",
      "ng2-table": "^1.3.2",
      "ng2-vis": "0.0.6",
      "rxjs": "5.0.0-beta.12",
      "ts-helpers": "1.1.1",
      "vis": "^4.21.0",
      "zone.js": "0.6.23"
    },
    "devDependencies": {
      "@angular/cli": "^1.4.8",
      "@angular/compiler-cli": "2.4.0",
      "@types/jasmine": "2.5.38",
      "@types/node": "6.0.42",
      "codelyzer": "2.0.0-beta.1",
      "jasmine-core": "2.5.2",
      "jasmine-spec-reporter": "2.5.0",
      "karma": "1.2.0",
      "karma-chrome-launcher": "2.0.0",
      "karma-cli": "1.0.1",
      "karma-jasmine": "1.0.2",
      "karma-remap-istanbul": "0.2.1",
      "protractor": "4.0.14",
      "ts-node": "1.2.1",
      "tslint": "4.0.2",
      "typescript": "2.0.3"
    }
  }

yarn manifest: 
  No manifest

Lockfile: 
  No lockfile

Trace: 
  Error: https://registry.yarnpkg.com/moment/-/moment-2.20.1.tgz: tunneling socket could not be established, cause=unable to get local issuer certificate
      at ClientRequest.onError (C:\Users\sesa260501\AppData\Roaming\npm\node_modules\yarn\node_modules\request\node_modules\tunnel-agent\index.js:176:17)
      at ClientRequest.g (events.js:292:16)
      at emitOne (events.js:96:13)
      at ClientRequest.emit (events.js:188:7)
      at TLSSocket.socketErrorListener (_http_client.js:310:9)
      at emitOne (events.js:96:13)
      at TLSSocket.emit (events.js:188:7)
      at emitErrorNT (net.js:1281:8)
      at _combinedTickCallback (internal/process/next_tick.js:80:11)
      at process._tickCallback (internal/process/next_tick.js:104:9)
